[2026-04-20T04:35:03.528Z] DEBUG: queryTable result for [admin]: [{"id":"63f06cf5-78ca-4cff-a5a4-aed44e157312","username":"admin","email":null,"password":"fae89b24e0064e7491b4c2527c08f8e1:10d9a7c1d2de3bf5db8c9fab0d5014e1fd047b3002e576caa22271919ea08eb8cf4171c49fb3a0fd30de93e38a8be60e2604f5031cfe804fea27a4b1d39c8805","role":"ADMIN","fullName":"System Administrator","employeeId":null,"departmentId":null,"position":null,"isActive":1,"metadata":null,"createdAt":"2026-04-20T04:34:54.583Z"}]
[2026-04-21T00:21:39.496Z] DEBUG: queryTable result for [admin]: [{"id":"63f06cf5-78ca-4cff-a5a4-aed44e157312","username":"admin","email":null,"password":"fae89b24e0064e7491b4c2527c08f8e1:10d9a7c1d2de3bf5db8c9fab0d5014e1fd047b3002e576caa22271919ea08eb8cf4171c49fb3a0fd30de93e38a8be60e2604f5031cfe804fea27a4b1d39c8805","role":"ADMIN","fullName":"System Administrator","employeeId":null,"departmentId":null,"position":null,"isActive":1,"metadata":null,"createdAt":"2026-04-20T04:34:54.583Z"}]
[2026-04-21T10:09:08.121Z] Login Error for [admin_user]: fetch failed
Stack: TypeError: fetch failed

[2026-04-21T10:09:11.561Z] Login Error for [admin_user]: fetch failed
Stack: TypeError: fetch failed

[2026-04-21T10:09:50.624Z] Login Error for [admin]: fetch failed
Stack: TypeError: fetch failed

[2026-04-21T10:10:00.888Z] DEBUG: queryTable result for [admin]: [{"id":"63f06cf5-78ca-4cff-a5a4-aed44e157312","username":"admin","email":null,"password":"fae89b24e0064e7491b4c2527c08f8e1:10d9a7c1d2de3bf5db8c9fab0d5014e1fd047b3002e576caa22271919ea08eb8cf4171c49fb3a0fd30de93e38a8be60e2604f5031cfe804fea27a4b1d39c8805","role":"ADMIN","fullName":"System Administrator","employeeId":null,"departmentId":null,"position":null,"isActive":1,"metadata":null,"createdAt":"2026-04-20T04:34:54.583Z"}]
[2026-04-27T09:16:39.777Z] DEBUG: queryTable result for [admin_user]: [{"id":1,"username":"admin_user","email":null,"password":"756cab3b15d1b24af3e77e4ef376460d:6b86e9b4269fdb0fe8b43c1d78893e70ee0c5c6e384d847290f4d75643bc98b43ff6490d8a1ca78a053e8ed191871190faad40b29e708d14f43ffb91f648b8b4","role":"ADMIN","fullName":"초기 관리자","employeeId":null,"departmentId":null,"position":null,"isActive":1,"metadata":null,"createdAt":"2026-04-13T00:40:52.293Z"}]
[2026-04-27T09:25:05.990Z] DEBUG: queryTable result for [admin_user]: [{"id":1,"username":"admin_user","email":null,"password":"756cab3b15d1b24af3e77e4ef376460d:6b86e9b4269fdb0fe8b43c1d78893e70ee0c5c6e384d847290f4d75643bc98b43ff6490d8a1ca78a053e8ed191871190faad40b29e708d14f43ffb91f648b8b4","role":"ADMIN","fullName":"초기 관리자","employeeId":null,"departmentId":null,"position":null,"isActive":1,"metadata":null,"createdAt":"2026-04-13T00:40:52.293Z"}]
[2026-04-27T09:37:23.729Z] DEBUG: queryTable result for [admin_user]: [{"id":1,"username":"admin_user","email":null,"password":"756cab3b15d1b24af3e77e4ef376460d:6b86e9b4269fdb0fe8b43c1d78893e70ee0c5c6e384d847290f4d75643bc98b43ff6490d8a1ca78a053e8ed191871190faad40b29e708d14f43ffb91f648b8b4","role":"ADMIN","fullName":"초기 관리자","employeeId":null,"departmentId":null,"position":null,"isActive":1,"metadata":null,"createdAt":"2026-04-13T00:40:52.293Z"}]
[2026-04-27T09:49:57.474Z] DEBUG: queryTable result for [admin_user]: [{"id":1,"username":"admin_user","email":null,"password":"756cab3b15d1b24af3e77e4ef376460d:6b86e9b4269fdb0fe8b43c1d78893e70ee0c5c6e384d847290f4d75643bc98b43ff6490d8a1ca78a053e8ed191871190faad40b29e708d14f43ffb91f648b8b4","role":"ADMIN","fullName":"초기 관리자","employeeId":null,"departmentId":null,"position":null,"isActive":1,"metadata":null,"createdAt":"2026-04-13T00:40:52.293Z"}]
[2026-04-27T10:21:36.555Z] DEBUG: queryTable result for [admin_user]: [{"id":1,"username":"admin_user","email":null,"password":"756cab3b15d1b24af3e77e4ef376460d:6b86e9b4269fdb0fe8b43c1d78893e70ee0c5c6e384d847290f4d75643bc98b43ff6490d8a1ca78a053e8ed191871190faad40b29e708d14f43ffb91f648b8b4","role":"ADMIN","fullName":"초기 관리자","employeeId":null,"departmentId":null,"position":null,"isActive":1,"metadata":null,"createdAt":"2026-04-13T00:40:52.293Z"}]
[2026-04-27T10:21:50.079Z] DEBUG: queryTable result for [admin_user]: [{"id":1,"username":"admin_user","email":null,"password":"756cab3b15d1b24af3e77e4ef376460d:6b86e9b4269fdb0fe8b43c1d78893e70ee0c5c6e384d847290f4d75643bc98b43ff6490d8a1ca78a053e8ed191871190faad40b29e708d14f43ffb91f648b8b4","role":"ADMIN","fullName":"초기 관리자","employeeId":null,"departmentId":null,"position":null,"isActive":1,"metadata":null,"createdAt":"2026-04-13T00:40:52.293Z"}]
[2026-04-27T10:22:05.218Z] Login Error for [admin_user]: fetch failed
Stack: TypeError: fetch failed
    at node:internal/deps/undici/undici:16416:13
    at async callUserDataTool (C:\dev\egdesk_won3\ExcelToDB\.next\dev\server\chunks\ssr\[root-of-the-server]__0nx2c1c._.js:2428:20)
    at async queryTable (C:\dev\egdesk_won3\ExcelToDB\.next\dev\server\chunks\ssr\[root-of-the-server]__0nx2c1c._.js:3041:17)
    at async loginAction (C:\dev\egdesk_won3\ExcelToDB\.next\dev\server\chunks\ssr\[root-of-the-server]__10m4sjr._.js:65:24)
    at async executeActionAndPrepareForRender (C:\dev\egdesk_won3\ExcelToDB\node_modules\next\dist\compiled\next-server\app-page-turbo.runtime.dev.js:64:5248)
    at async C:\dev\egdesk_won3\ExcelToDB\node_modules\next\dist\compiled\next-server\app-page-turbo.runtime.dev.js:64:1986
    at async handleAction (C:\dev\egdesk_won3\ExcelToDB\node_modules\next\dist\compiled\next-server\app-page-turbo.runtime.dev.js:62:25378)
    at async renderToHTMLOrFlightImpl (C:\dev\egdesk_won3\ExcelToDB\node_modules\next\dist\compiled\next-server\app-page-turbo.runtime.dev.js:69:55630)
    at async doRender (C:\dev\egdesk_won3\ExcelToDB\.next\dev\server\chunks\ssr\node_modules_07jhyn9._.js:4025:28)
    at async AppPageRouteModule.handleResponse (C:\dev\egdesk_won3\ExcelToDB\node_modules\next\dist\compiled\next-server\app-page-turbo.runtime.dev.js:71:63567)
    at async handleResponse (C:\dev\egdesk_won3\ExcelToDB\.next\dev\server\chunks\ssr\node_modules_07jhyn9._.js:4300:32)
    at async Module.handler (C:\dev\egdesk_won3\ExcelToDB\.next\dev\server\chunks\ssr\node_modules_07jhyn9._.js:4703:20)
    at async DevServer.renderToResponseWithComponentsImpl (C:\dev\egdesk_won3\ExcelToDB\node_modules\next\dist\server\base-server.js:1454:9)
    at async DevServer.renderPageComponent (C:\dev\egdesk_won3\ExcelToDB\node_modules\next\dist\server\base-server.js:1506:24)
    at async DevServer.renderToResponseImpl (C:\dev\egdesk_won3\ExcelToDB\node_modules\next\dist\server\base-server.js:1556:32)
    at async DevServer.pipeImpl (C:\dev\egdesk_won3\ExcelToDB\node_modules\next\dist\server\base-server.js:1043:25)
    at async NextNodeServer.handleCatchallRenderRequest (C:\dev\egdesk_won3\ExcelToDB\node_modules\next\dist\server\next-server.js:338:17)
    at async DevServer.handleRequestImpl (C:\dev\egdesk_won3\ExcelToDB\node_modules\next\dist\server\base-server.js:934:17)
    at async C:\dev\egdesk_won3\ExcelToDB\node_modules\next\dist\server\dev\next-dev-server.js:394:20
    at async Span.traceAsyncFn (C:\dev\egdesk_won3\ExcelToDB\node_modules\next\dist\trace\trace.js:164:20)
    at async DevServer.handleRequest (C:\dev\egdesk_won3\ExcelToDB\node_modules\next\dist\server\dev\next-dev-server.js:390:24)
    at async invokeRender (C:\dev\egdesk_won3\ExcelToDB\node_modules\next\dist\server\lib\router-server.js:253:21)
    at async handleRequest (C:\dev\egdesk_won3\ExcelToDB\node_modules\next\dist\server\lib\router-server.js:452:24)
    at async requestHandlerImpl (C:\dev\egdesk_won3\ExcelToDB\node_modules\next\dist\server\lib\router-server.js:501:13)
    at async Server.requestListener (C:\dev\egdesk_won3\ExcelToDB\node_modules\next\dist\server\lib\start-server.js:225:13)

[2026-04-27T10:28:44.131Z] DEBUG: queryTable result for [admin_user]: [{"id":1,"username":"admin_user","email":null,"password":"756cab3b15d1b24af3e77e4ef376460d:6b86e9b4269fdb0fe8b43c1d78893e70ee0c5c6e384d847290f4d75643bc98b43ff6490d8a1ca78a053e8ed191871190faad40b29e708d14f43ffb91f648b8b4","role":"ADMIN","fullName":"초기 관리자","employeeId":null,"departmentId":null,"position":null,"isActive":1,"metadata":null,"createdAt":"2026-04-13T00:40:52.293Z"}]
[2026-04-27T10:29:01.535Z] DEBUG: queryTable result for [admin_user]: [{"id":1,"username":"admin_user","email":null,"password":"756cab3b15d1b24af3e77e4ef376460d:6b86e9b4269fdb0fe8b43c1d78893e70ee0c5c6e384d847290f4d75643bc98b43ff6490d8a1ca78a053e8ed191871190faad40b29e708d14f43ffb91f648b8b4","role":"ADMIN","fullName":"초기 관리자","employeeId":null,"departmentId":null,"position":null,"isActive":1,"metadata":null,"createdAt":"2026-04-13T00:40:52.293Z"}]
[2026-04-29T04:02:49.077Z] DEBUG: queryTable result for [admin]: []
[2026-04-29T04:02:49.078Z] Login Error for [admin]: 존재하지 않거나 비활성화된 계정입니다. (복구된 admin 계정으로 로그인해 주세요)
Stack: Error: 존재하지 않거나 비활성화된 계정입니다. (복구된 admin 계정으로 로그인해 주세요)
    at loginAction (C:\dev\egdesk_won3\ExcelToDB\.next\dev\server\chunks\ssr\[root-of-the-server]__0founrl._.js:80:19)
    at process.processTicksAndRejections (node:internal/process/task_queues:103:5)
    at async executeActionAndPrepareForRender (C:\dev\egdesk_won3\ExcelToDB\node_modules\next\dist\compiled\next-server\app-page-turbo.runtime.dev.js:64:5248)
    at async C:\dev\egdesk_won3\ExcelToDB\node_modules\next\dist\compiled\next-server\app-page-turbo.runtime.dev.js:64:1986
    at async handleAction (C:\dev\egdesk_won3\ExcelToDB\node_modules\next\dist\compiled\next-server\app-page-turbo.runtime.dev.js:62:25378)
    at async renderToHTMLOrFlightImpl (C:\dev\egdesk_won3\ExcelToDB\node_modules\next\dist\compiled\next-server\app-page-turbo.runtime.dev.js:69:55630)
    at async doRender (C:\dev\egdesk_won3\ExcelToDB\.next\dev\server\chunks\ssr\node_modules_0f3xbxx._.js:4005:28)
    at async AppPageRouteModule.handleResponse (C:\dev\egdesk_won3\ExcelToDB\node_modules\next\dist\compiled\next-server\app-page-turbo.runtime.dev.js:71:63567)
    at async handleResponse (C:\dev\egdesk_won3\ExcelToDB\.next\dev\server\chunks\ssr\node_modules_0f3xbxx._.js:4280:32)
    at async Module.handler (C:\dev\egdesk_won3\ExcelToDB\.next\dev\server\chunks\ssr\node_modules_0f3xbxx._.js:4683:20)
    at async DevServer.renderToResponseWithComponentsImpl (C:\dev\egdesk_won3\ExcelToDB\node_modules\next\dist\server\base-server.js:1454:9)
    at async DevServer.renderPageComponent (C:\dev\egdesk_won3\ExcelToDB\node_modules\next\dist\server\base-server.js:1506:24)
    at async DevServer.renderToResponseImpl (C:\dev\egdesk_won3\ExcelToDB\node_modules\next\dist\server\base-server.js:1556:32)
    at async DevServer.pipeImpl (C:\dev\egdesk_won3\ExcelToDB\node_modules\next\dist\server\base-server.js:1043:25)
    at async NextNodeServer.handleCatchallRenderRequest (C:\dev\egdesk_won3\ExcelToDB\node_modules\next\dist\server\next-server.js:338:17)
    at async DevServer.handleRequestImpl (C:\dev\egdesk_won3\ExcelToDB\node_modules\next\dist\server\base-server.js:934:17)
    at async C:\dev\egdesk_won3\ExcelToDB\node_modules\next\dist\server\dev\next-dev-server.js:394:20
    at async Span.traceAsyncFn (C:\dev\egdesk_won3\ExcelToDB\node_modules\next\dist\trace\trace.js:164:20)
    at async DevServer.handleRequest (C:\dev\egdesk_won3\ExcelToDB\node_modules\next\dist\server\dev\next-dev-server.js:390:24)
    at async invokeRender (C:\dev\egdesk_won3\ExcelToDB\node_modules\next\dist\server\lib\router-server.js:253:21)
    at async handleRequest (C:\dev\egdesk_won3\ExcelToDB\node_modules\next\dist\server\lib\router-server.js:452:24)
    at async requestHandlerImpl (C:\dev\egdesk_won3\ExcelToDB\node_modules\next\dist\server\lib\router-server.js:501:13)
    at async Server.requestListener (C:\dev\egdesk_won3\ExcelToDB\node_modules\next\dist\server\lib\start-server.js:225:13)

[2026-04-29T04:02:57.005Z] DEBUG: queryTable result for [admin_user]: [{"id":1,"username":"admin_user","email":null,"password":"756cab3b15d1b24af3e77e4ef376460d:6b86e9b4269fdb0fe8b43c1d78893e70ee0c5c6e384d847290f4d75643bc98b43ff6490d8a1ca78a053e8ed191871190faad40b29e708d14f43ffb91f648b8b4","role":"ADMIN","fullName":"초기 관리자","employeeId":null,"departmentId":null,"position":null,"isActive":1,"metadata":null,"createdAt":"2026-04-13T00:40:52.293Z"}]
[2026-04-29T04:09:27.897Z] DEBUG: queryTable result for [admin_user]: [{"id":1,"username":"admin_user","email":null,"password":"756cab3b15d1b24af3e77e4ef376460d:6b86e9b4269fdb0fe8b43c1d78893e70ee0c5c6e384d847290f4d75643bc98b43ff6490d8a1ca78a053e8ed191871190faad40b29e708d14f43ffb91f648b8b4","role":"ADMIN","fullName":"초기 관리자","employeeId":null,"departmentId":null,"position":null,"isActive":1,"metadata":null,"createdAt":"2026-04-13T00:40:52.293Z"}]
[2026-04-29T04:19:56.386Z] DEBUG: queryTable result for [admin_user]: [{"id":1,"username":"admin_user","email":null,"password":"756cab3b15d1b24af3e77e4ef376460d:6b86e9b4269fdb0fe8b43c1d78893e70ee0c5c6e384d847290f4d75643bc98b43ff6490d8a1ca78a053e8ed191871190faad40b29e708d14f43ffb91f648b8b4","role":"ADMIN","fullName":"초기 관리자","employeeId":null,"departmentId":null,"position":null,"isActive":1,"metadata":null,"createdAt":"2026-04-13T00:40:52.293Z"}]
[2026-04-29T04:22:43.427Z] DEBUG: queryTable result for [admin_user]: [{"id":1,"username":"admin_user","email":null,"password":"756cab3b15d1b24af3e77e4ef376460d:6b86e9b4269fdb0fe8b43c1d78893e70ee0c5c6e384d847290f4d75643bc98b43ff6490d8a1ca78a053e8ed191871190faad40b29e708d14f43ffb91f648b8b4","role":"ADMIN","fullName":"초기 관리자","employeeId":null,"departmentId":null,"position":null,"isActive":1,"metadata":null,"createdAt":"2026-04-13T00:40:52.293Z"}]
[2026-04-29T04:30:29.821Z] DEBUG: queryTable result for [admin_user]: [{"id":1,"username":"admin_user","email":null,"password":"756cab3b15d1b24af3e77e4ef376460d:6b86e9b4269fdb0fe8b43c1d78893e70ee0c5c6e384d847290f4d75643bc98b43ff6490d8a1ca78a053e8ed191871190faad40b29e708d14f43ffb91f648b8b4","role":"ADMIN","fullName":"초기 관리자","employeeId":null,"departmentId":null,"position":null,"isActive":1,"metadata":null,"createdAt":"2026-04-13T00:40:52.293Z"}]
[2026-04-29T04:48:06.819Z] DEBUG: queryTable result for [admin_user]: [{"id":1,"username":"admin_user","email":null,"password":"756cab3b15d1b24af3e77e4ef376460d:6b86e9b4269fdb0fe8b43c1d78893e70ee0c5c6e384d847290f4d75643bc98b43ff6490d8a1ca78a053e8ed191871190faad40b29e708d14f43ffb91f648b8b4","role":"ADMIN","fullName":"초기 관리자","employeeId":null,"departmentId":null,"position":null,"isActive":1,"metadata":null,"createdAt":"2026-04-13T00:40:52.293Z"}]
[2026-04-29T10:02:52.824Z] DEBUG: queryTable result for [admin_user]: [{"id":1,"username":"admin_user","email":null,"password":"756cab3b15d1b24af3e77e4ef376460d:6b86e9b4269fdb0fe8b43c1d78893e70ee0c5c6e384d847290f4d75643bc98b43ff6490d8a1ca78a053e8ed191871190faad40b29e708d14f43ffb91f648b8b4","role":"ADMIN","fullName":"초기 관리자","employeeId":null,"departmentId":null,"position":null,"isActive":1,"metadata":null,"createdAt":"2026-04-13T00:40:52.293Z"}]
[2026-04-29T10:20:58.395Z] DEBUG: queryTable result for [admin_user]: [{"id":1,"username":"admin_user","email":null,"password":"756cab3b15d1b24af3e77e4ef376460d:6b86e9b4269fdb0fe8b43c1d78893e70ee0c5c6e384d847290f4d75643bc98b43ff6490d8a1ca78a053e8ed191871190faad40b29e708d14f43ffb91f648b8b4","role":"ADMIN","fullName":"초기 관리자","employeeId":null,"departmentId":null,"position":null,"isActive":1,"metadata":null,"createdAt":"2026-04-13T00:40:52.293Z"}]
[2026-04-29T10:43:39.460Z] DEBUG: queryTable result for [admin_user]: [{"id":1,"username":"admin_user","email":null,"password":"756cab3b15d1b24af3e77e4ef376460d:6b86e9b4269fdb0fe8b43c1d78893e70ee0c5c6e384d847290f4d75643bc98b43ff6490d8a1ca78a053e8ed191871190faad40b29e708d14f43ffb91f648b8b4","role":"ADMIN","fullName":"초기 관리자","employeeId":null,"departmentId":null,"position":null,"isActive":1,"metadata":null,"createdAt":"2026-04-13T00:40:52.293Z"}]
[2026-04-29T10:51:59.972Z] DEBUG: queryTable result for [admin_user]: [{"id":1,"username":"admin_user","email":null,"password":"756cab3b15d1b24af3e77e4ef376460d:6b86e9b4269fdb0fe8b43c1d78893e70ee0c5c6e384d847290f4d75643bc98b43ff6490d8a1ca78a053e8ed191871190faad40b29e708d14f43ffb91f648b8b4","role":"ADMIN","fullName":"초기 관리자","employeeId":null,"departmentId":null,"position":null,"isActive":1,"metadata":null,"createdAt":"2026-04-13T00:40:52.293Z"}]
[2026-04-30T04:48:08.214Z] DEBUG: queryTable result for [admin_user]: [{"id":1,"username":"admin_user","email":null,"password":"756cab3b15d1b24af3e77e4ef376460d:6b86e9b4269fdb0fe8b43c1d78893e70ee0c5c6e384d847290f4d75643bc98b43ff6490d8a1ca78a053e8ed191871190faad40b29e708d14f43ffb91f648b8b4","role":"ADMIN","fullName":"초기 관리자","employeeId":null,"departmentId":null,"position":null,"isActive":1,"metadata":null,"createdAt":"2026-04-13T00:40:52.293Z"}]
[2026-04-30T07:43:53.380Z] DEBUG: queryTable result for [admin_user]: [{"id":1,"username":"admin_user","email":null,"password":"756cab3b15d1b24af3e77e4ef376460d:6b86e9b4269fdb0fe8b43c1d78893e70ee0c5c6e384d847290f4d75643bc98b43ff6490d8a1ca78a053e8ed191871190faad40b29e708d14f43ffb91f648b8b4","role":"ADMIN","fullName":"초기 관리자","employeeId":null,"departmentId":null,"position":null,"isActive":1,"metadata":null,"createdAt":"2026-04-13T00:40:52.293Z"}]
[2026-04-30T07:43:58.117Z] DEBUG: queryTable result for [admin_user]: [{"id":1,"username":"admin_user","email":null,"password":"756cab3b15d1b24af3e77e4ef376460d:6b86e9b4269fdb0fe8b43c1d78893e70ee0c5c6e384d847290f4d75643bc98b43ff6490d8a1ca78a053e8ed191871190faad40b29e708d14f43ffb91f648b8b4","role":"ADMIN","fullName":"초기 관리자","employeeId":null,"departmentId":null,"position":null,"isActive":1,"metadata":null,"createdAt":"2026-04-13T00:40:52.293Z"}]
[2026-04-30T07:50:35.100Z] DEBUG: queryTable result for [admin_user]: [{"id":1,"username":"admin_user","email":null,"password":"756cab3b15d1b24af3e77e4ef376460d:6b86e9b4269fdb0fe8b43c1d78893e70ee0c5c6e384d847290f4d75643bc98b43ff6490d8a1ca78a053e8ed191871190faad40b29e708d14f43ffb91f648b8b4","role":"ADMIN","fullName":"초기 관리자","employeeId":null,"departmentId":null,"position":null,"isActive":1,"metadata":null,"createdAt":"2026-04-13T00:40:52.293Z"}]
[2026-05-01T07:37:11.314Z] DEBUG: queryTable result for [admin_user]: [{"id":1,"username":"admin_user","email":null,"password":"756cab3b15d1b24af3e77e4ef376460d:6b86e9b4269fdb0fe8b43c1d78893e70ee0c5c6e384d847290f4d75643bc98b43ff6490d8a1ca78a053e8ed191871190faad40b29e708d14f43ffb91f648b8b4","role":"ADMIN","fullName":"초기 관리자","employeeId":null,"departmentId":null,"position":null,"isActive":1,"metadata":null,"createdAt":"2026-04-13T00:40:52.293Z"}]
[2026-05-01T07:39:08.974Z] DEBUG: queryTable result for [admin_user]: [{"id":1,"username":"admin_user","email":null,"password":"756cab3b15d1b24af3e77e4ef376460d:6b86e9b4269fdb0fe8b43c1d78893e70ee0c5c6e384d847290f4d75643bc98b43ff6490d8a1ca78a053e8ed191871190faad40b29e708d14f43ffb91f648b8b4","role":"ADMIN","fullName":"초기 관리자","employeeId":null,"departmentId":null,"position":null,"isActive":1,"metadata":null,"createdAt":"2026-04-13T00:40:52.293Z"}]
[2026-05-01T12:49:34.753Z] DEBUG: queryTable result for [admin_user]: [{"id":21,"username":"admin_user","email":null,"password":"756cab3b15d1b24af3e77e4ef376460d:6b86e9b4269fdb0fe8b43c1d78893e70ee0c5c6e384d847290f4d75643bc98b43ff6490d8a1ca78a053e8ed191871190faad40b29e708d14f43ffb91f648b8b4","role":"ADMIN","fullName":"초기 관리자","employeeId":null,"departmentId":null,"position":null,"isActive":"1","metadata":null,"createdAt":"2026-04-13T00:40:52.293Z","__created_at":null,"__updated_at":null,"__creator_id":null}]
[2026-05-02T08:44:48.576Z] DEBUG: queryTable result for [admin_user]: [{"id":1,"username":"admin_user","email":null,"password":"756cab3b15d1b24af3e77e4ef376460d:6b86e9b4269fdb0fe8b43c1d78893e70ee0c5c6e384d847290f4d75643bc98b43ff6490d8a1ca78a053e8ed191871190faad40b29e708d14f43ffb91f648b8b4","role":"ADMIN","fullName":"초기 관리자","employeeId":null,"departmentId":null,"position":null,"isActive":"1","metadata":null,"createdAt":"2026-04-13T00:40:52.293Z","__created_at":null,"__updated_at":null,"__creator_id":null,"__modifier_id":null}]
[2026-05-04T07:09:14.757Z] Login Error for [admin_user]: fetch failed
Stack: TypeError: fetch failed
    at node:internal/deps/undici/undici:16416:13
    at process.processTicksAndRejections (node:internal/process/task_queues:103:5)
    at async callUserDataTool (C:\dev\egdesk_won3\ExcelToDB\.next\dev\server\chunks\ssr\[root-of-the-server]__0nx2c1c._.js:3243:20)
    at async queryTable (C:\dev\egdesk_won3\ExcelToDB\.next\dev\server\chunks\ssr\[root-of-the-server]__0nx2c1c._.js:3609:17)
    at async loginAction (C:\dev\egdesk_won3\ExcelToDB\.next\dev\server\chunks\ssr\[root-of-the-server]__12mgptg._.js:65:24)
    at async executeActionAndPrepareForRender (C:\dev\egdesk_won3\ExcelToDB\node_modules\next\dist\compiled\next-server\app-page-turbo.runtime.dev.js:64:5248)
    at async C:\dev\egdesk_won3\ExcelToDB\node_modules\next\dist\compiled\next-server\app-page-turbo.runtime.dev.js:64:1986
    at async handleAction (C:\dev\egdesk_won3\ExcelToDB\node_modules\next\dist\compiled\next-server\app-page-turbo.runtime.dev.js:62:25378)
    at async renderToHTMLOrFlightImpl (C:\dev\egdesk_won3\ExcelToDB\node_modules\next\dist\compiled\next-server\app-page-turbo.runtime.dev.js:69:55630)
    at async doRender (C:\dev\egdesk_won3\ExcelToDB\.next\dev\server\chunks\ssr\node_modules_0f3xbxx._.js:4005:28)
    at async AppPageRouteModule.handleResponse (C:\dev\egdesk_won3\ExcelToDB\node_modules\next\dist\compiled\next-server\app-page-turbo.runtime.dev.js:71:63567)
    at async handleResponse (C:\dev\egdesk_won3\ExcelToDB\.next\dev\server\chunks\ssr\node_modules_0f3xbxx._.js:4280:32)
    at async Module.handler (C:\dev\egdesk_won3\ExcelToDB\.next\dev\server\chunks\ssr\node_modules_0f3xbxx._.js:4683:20)
    at async DevServer.renderToResponseWithComponentsImpl (C:\dev\egdesk_won3\ExcelToDB\node_modules\next\dist\server\base-server.js:1454:9)
    at async DevServer.renderPageComponent (C:\dev\egdesk_won3\ExcelToDB\node_modules\next\dist\server\base-server.js:1506:24)
    at async DevServer.renderToResponseImpl (C:\dev\egdesk_won3\ExcelToDB\node_modules\next\dist\server\base-server.js:1556:32)
    at async DevServer.pipeImpl (C:\dev\egdesk_won3\ExcelToDB\node_modules\next\dist\server\base-server.js:1043:25)
    at async NextNodeServer.handleCatchallRenderRequest (C:\dev\egdesk_won3\ExcelToDB\node_modules\next\dist\server\next-server.js:338:17)
    at async DevServer.handleRequestImpl (C:\dev\egdesk_won3\ExcelToDB\node_modules\next\dist\server\base-server.js:934:17)
    at async C:\dev\egdesk_won3\ExcelToDB\node_modules\next\dist\server\dev\next-dev-server.js:394:20
    at async Span.traceAsyncFn (C:\dev\egdesk_won3\ExcelToDB\node_modules\next\dist\trace\trace.js:164:20)
    at async DevServer.handleRequest (C:\dev\egdesk_won3\ExcelToDB\node_modules\next\dist\server\dev\next-dev-server.js:390:24)
    at async invokeRender (C:\dev\egdesk_won3\ExcelToDB\node_modules\next\dist\server\lib\router-server.js:253:21)
    at async handleRequest (C:\dev\egdesk_won3\ExcelToDB\node_modules\next\dist\server\lib\router-server.js:452:24)
    at async requestHandlerImpl (C:\dev\egdesk_won3\ExcelToDB\node_modules\next\dist\server\lib\router-server.js:501:13)
    at async Server.requestListener (C:\dev\egdesk_won3\ExcelToDB\node_modules\next\dist\server\lib\start-server.js:225:13)

[2026-05-04T07:09:33.516Z] Login Error for [admin_user]: fetch failed
Stack: TypeError: fetch failed
    at node:internal/deps/undici/undici:16416:13
    at process.processTicksAndRejections (node:internal/process/task_queues:103:5)
    at async callUserDataTool (C:\dev\egdesk_won3\ExcelToDB\.next\dev\server\chunks\ssr\[root-of-the-server]__0nx2c1c._.js:3243:20)
    at async queryTable (C:\dev\egdesk_won3\ExcelToDB\.next\dev\server\chunks\ssr\[root-of-the-server]__0nx2c1c._.js:3609:17)
    at async loginAction (C:\dev\egdesk_won3\ExcelToDB\.next\dev\server\chunks\ssr\[root-of-the-server]__12mgptg._.js:65:24)
    at async executeActionAndPrepareForRender (C:\dev\egdesk_won3\ExcelToDB\node_modules\next\dist\compiled\next-server\app-page-turbo.runtime.dev.js:64:5248)
    at async C:\dev\egdesk_won3\ExcelToDB\node_modules\next\dist\compiled\next-server\app-page-turbo.runtime.dev.js:64:1986
    at async handleAction (C:\dev\egdesk_won3\ExcelToDB\node_modules\next\dist\compiled\next-server\app-page-turbo.runtime.dev.js:62:25378)
    at async renderToHTMLOrFlightImpl (C:\dev\egdesk_won3\ExcelToDB\node_modules\next\dist\compiled\next-server\app-page-turbo.runtime.dev.js:69:55630)
    at async doRender (C:\dev\egdesk_won3\ExcelToDB\.next\dev\server\chunks\ssr\node_modules_0f3xbxx._.js:4005:28)
    at async AppPageRouteModule.handleResponse (C:\dev\egdesk_won3\ExcelToDB\node_modules\next\dist\compiled\next-server\app-page-turbo.runtime.dev.js:71:63567)
    at async handleResponse (C:\dev\egdesk_won3\ExcelToDB\.next\dev\server\chunks\ssr\node_modules_0f3xbxx._.js:4280:32)
    at async Module.handler (C:\dev\egdesk_won3\ExcelToDB\.next\dev\server\chunks\ssr\node_modules_0f3xbxx._.js:4683:20)
    at async DevServer.renderToResponseWithComponentsImpl (C:\dev\egdesk_won3\ExcelToDB\node_modules\next\dist\server\base-server.js:1454:9)
    at async DevServer.renderPageComponent (C:\dev\egdesk_won3\ExcelToDB\node_modules\next\dist\server\base-server.js:1506:24)
    at async DevServer.renderToResponseImpl (C:\dev\egdesk_won3\ExcelToDB\node_modules\next\dist\server\base-server.js:1556:32)
    at async DevServer.pipeImpl (C:\dev\egdesk_won3\ExcelToDB\node_modules\next\dist\server\base-server.js:1043:25)
    at async NextNodeServer.handleCatchallRenderRequest (C:\dev\egdesk_won3\ExcelToDB\node_modules\next\dist\server\next-server.js:338:17)
    at async DevServer.handleRequestImpl (C:\dev\egdesk_won3\ExcelToDB\node_modules\next\dist\server\base-server.js:934:17)
    at async C:\dev\egdesk_won3\ExcelToDB\node_modules\next\dist\server\dev\next-dev-server.js:394:20
    at async Span.traceAsyncFn (C:\dev\egdesk_won3\ExcelToDB\node_modules\next\dist\trace\trace.js:164:20)
    at async DevServer.handleRequest (C:\dev\egdesk_won3\ExcelToDB\node_modules\next\dist\server\dev\next-dev-server.js:390:24)
    at async invokeRender (C:\dev\egdesk_won3\ExcelToDB\node_modules\next\dist\server\lib\router-server.js:253:21)
    at async handleRequest (C:\dev\egdesk_won3\ExcelToDB\node_modules\next\dist\server\lib\router-server.js:452:24)
    at async requestHandlerImpl (C:\dev\egdesk_won3\ExcelToDB\node_modules\next\dist\server\lib\router-server.js:501:13)
    at async Server.requestListener (C:\dev\egdesk_won3\ExcelToDB\node_modules\next\dist\server\lib\start-server.js:225:13)

[2026-05-04T07:09:43.930Z] Login Error for [admin]: fetch failed
Stack: TypeError: fetch failed
    at node:internal/deps/undici/undici:16416:13
    at process.processTicksAndRejections (node:internal/process/task_queues:103:5)
    at async callUserDataTool (C:\dev\egdesk_won3\ExcelToDB\.next\dev\server\chunks\ssr\[root-of-the-server]__0nx2c1c._.js:3243:20)
    at async queryTable (C:\dev\egdesk_won3\ExcelToDB\.next\dev\server\chunks\ssr\[root-of-the-server]__0nx2c1c._.js:3609:17)
    at async loginAction (C:\dev\egdesk_won3\ExcelToDB\.next\dev\server\chunks\ssr\[root-of-the-server]__12mgptg._.js:65:24)
    at async executeActionAndPrepareForRender (C:\dev\egdesk_won3\ExcelToDB\node_modules\next\dist\compiled\next-server\app-page-turbo.runtime.dev.js:64:5248)
    at async C:\dev\egdesk_won3\ExcelToDB\node_modules\next\dist\compiled\next-server\app-page-turbo.runtime.dev.js:64:1986
    at async handleAction (C:\dev\egdesk_won3\ExcelToDB\node_modules\next\dist\compiled\next-server\app-page-turbo.runtime.dev.js:62:25378)
    at async renderToHTMLOrFlightImpl (C:\dev\egdesk_won3\ExcelToDB\node_modules\next\dist\compiled\next-server\app-page-turbo.runtime.dev.js:69:55630)
    at async doRender (C:\dev\egdesk_won3\ExcelToDB\.next\dev\server\chunks\ssr\node_modules_0f3xbxx._.js:4005:28)
    at async AppPageRouteModule.handleResponse (C:\dev\egdesk_won3\ExcelToDB\node_modules\next\dist\compiled\next-server\app-page-turbo.runtime.dev.js:71:63567)
    at async handleResponse (C:\dev\egdesk_won3\ExcelToDB\.next\dev\server\chunks\ssr\node_modules_0f3xbxx._.js:4280:32)
    at async Module.handler (C:\dev\egdesk_won3\ExcelToDB\.next\dev\server\chunks\ssr\node_modules_0f3xbxx._.js:4683:20)
    at async DevServer.renderToResponseWithComponentsImpl (C:\dev\egdesk_won3\ExcelToDB\node_modules\next\dist\server\base-server.js:1454:9)
    at async DevServer.renderPageComponent (C:\dev\egdesk_won3\ExcelToDB\node_modules\next\dist\server\base-server.js:1506:24)
    at async DevServer.renderToResponseImpl (C:\dev\egdesk_won3\ExcelToDB\node_modules\next\dist\server\base-server.js:1556:32)
    at async DevServer.pipeImpl (C:\dev\egdesk_won3\ExcelToDB\node_modules\next\dist\server\base-server.js:1043:25)
    at async NextNodeServer.handleCatchallRenderRequest (C:\dev\egdesk_won3\ExcelToDB\node_modules\next\dist\server\next-server.js:338:17)
    at async DevServer.handleRequestImpl (C:\dev\egdesk_won3\ExcelToDB\node_modules\next\dist\server\base-server.js:934:17)
    at async C:\dev\egdesk_won3\ExcelToDB\node_modules\next\dist\server\dev\next-dev-server.js:394:20
    at async Span.traceAsyncFn (C:\dev\egdesk_won3\ExcelToDB\node_modules\next\dist\trace\trace.js:164:20)
    at async DevServer.handleRequest (C:\dev\egdesk_won3\ExcelToDB\node_modules\next\dist\server\dev\next-dev-server.js:390:24)
    at async invokeRender (C:\dev\egdesk_won3\ExcelToDB\node_modules\next\dist\server\lib\router-server.js:253:21)
    at async handleRequest (C:\dev\egdesk_won3\ExcelToDB\node_modules\next\dist\server\lib\router-server.js:452:24)
    at async requestHandlerImpl (C:\dev\egdesk_won3\ExcelToDB\node_modules\next\dist\server\lib\router-server.js:501:13)
    at async Server.requestListener (C:\dev\egdesk_won3\ExcelToDB\node_modules\next\dist\server\lib\start-server.js:225:13)

[2026-05-04T07:10:58.032Z] DEBUG: queryTable result for [admin_user]: [{"id":1,"username":"admin_user","email":null,"password":"756cab3b15d1b24af3e77e4ef376460d:6b86e9b4269fdb0fe8b43c1d78893e70ee0c5c6e384d847290f4d75643bc98b43ff6490d8a1ca78a053e8ed191871190faad40b29e708d14f43ffb91f648b8b4","role":"ADMIN","fullName":"초기 관리자","employeeId":null,"departmentId":null,"position":null,"isActive":"1","metadata":null,"createdAt":"2026-04-13T00:40:52.293Z","__created_at":null,"__updated_at":null,"__creator_id":null,"__modifier_id":null,"__is_deleted":0,"__deleted_at":null}]
[2026-05-04T07:11:23.621Z] DEBUG: queryTable result for [S0001]: []
[2026-05-04T07:11:23.622Z] Login Error for [S0001]: 존재하지 않거나 비활성화된 계정입니다. (복구된 admin 계정으로 로그인해 주세요)
Stack: Error: 존재하지 않거나 비활성화된 계정입니다. (복구된 admin 계정으로 로그인해 주세요)
    at loginAction (C:\dev\egdesk_won3\ExcelToDB\.next\dev\server\chunks\ssr\[root-of-the-server]__12mgptg._.js:80:19)
    at process.processTicksAndRejections (node:internal/process/task_queues:103:5)
    at async executeActionAndPrepareForRender (C:\dev\egdesk_won3\ExcelToDB\node_modules\next\dist\compiled\next-server\app-page-turbo.runtime.dev.js:64:5248)
    at async C:\dev\egdesk_won3\ExcelToDB\node_modules\next\dist\compiled\next-server\app-page-turbo.runtime.dev.js:64:1986
    at async handleAction (C:\dev\egdesk_won3\ExcelToDB\node_modules\next\dist\compiled\next-server\app-page-turbo.runtime.dev.js:62:25378)
    at async renderToHTMLOrFlightImpl (C:\dev\egdesk_won3\ExcelToDB\node_modules\next\dist\compiled\next-server\app-page-turbo.runtime.dev.js:69:55630)
    at async doRender (C:\dev\egdesk_won3\ExcelToDB\.next\dev\server\chunks\ssr\node_modules_0f3xbxx._.js:4005:28)
    at async AppPageRouteModule.handleResponse (C:\dev\egdesk_won3\ExcelToDB\node_modules\next\dist\compiled\next-server\app-page-turbo.runtime.dev.js:71:63567)
    at async handleResponse (C:\dev\egdesk_won3\ExcelToDB\.next\dev\server\chunks\ssr\node_modules_0f3xbxx._.js:4280:32)
    at async Module.handler (C:\dev\egdesk_won3\ExcelToDB\.next\dev\server\chunks\ssr\node_modules_0f3xbxx._.js:4683:20)
    at async DevServer.renderToResponseWithComponentsImpl (C:\dev\egdesk_won3\ExcelToDB\node_modules\next\dist\server\base-server.js:1454:9)
    at async DevServer.renderPageComponent (C:\dev\egdesk_won3\ExcelToDB\node_modules\next\dist\server\base-server.js:1506:24)
    at async DevServer.renderToResponseImpl (C:\dev\egdesk_won3\ExcelToDB\node_modules\next\dist\server\base-server.js:1556:32)
    at async DevServer.pipeImpl (C:\dev\egdesk_won3\ExcelToDB\node_modules\next\dist\server\base-server.js:1043:25)
    at async NextNodeServer.handleCatchallRenderRequest (C:\dev\egdesk_won3\ExcelToDB\node_modules\next\dist\server\next-server.js:338:17)
    at async DevServer.handleRequestImpl (C:\dev\egdesk_won3\ExcelToDB\node_modules\next\dist\server\base-server.js:934:17)
    at async C:\dev\egdesk_won3\ExcelToDB\node_modules\next\dist\server\dev\next-dev-server.js:394:20
    at async Span.traceAsyncFn (C:\dev\egdesk_won3\ExcelToDB\node_modules\next\dist\trace\trace.js:164:20)
    at async DevServer.handleRequest (C:\dev\egdesk_won3\ExcelToDB\node_modules\next\dist\server\dev\next-dev-server.js:390:24)
    at async invokeRender (C:\dev\egdesk_won3\ExcelToDB\node_modules\next\dist\server\lib\router-server.js:253:21)
    at async handleRequest (C:\dev\egdesk_won3\ExcelToDB\node_modules\next\dist\server\lib\router-server.js:452:24)
    at async requestHandlerImpl (C:\dev\egdesk_won3\ExcelToDB\node_modules\next\dist\server\lib\router-server.js:501:13)
    at async Server.requestListener (C:\dev\egdesk_won3\ExcelToDB\node_modules\next\dist\server\lib\start-server.js:225:13)

[2026-05-04T07:12:39.033Z] DEBUG: queryTable result for [S0001]: []
[2026-05-04T07:12:39.034Z] Login Error for [S0001]: 존재하지 않거나 비활성화된 계정입니다. (복구된 admin 계정으로 로그인해 주세요)
Stack: Error: 존재하지 않거나 비활성화된 계정입니다. (복구된 admin 계정으로 로그인해 주세요)
    at loginAction (C:\dev\egdesk_won3\ExcelToDB\.next\dev\server\chunks\ssr\[root-of-the-server]__12mgptg._.js:80:19)
    at process.processTicksAndRejections (node:internal/process/task_queues:103:5)
    at async executeActionAndPrepareForRender (C:\dev\egdesk_won3\ExcelToDB\node_modules\next\dist\compiled\next-server\app-page-turbo.runtime.dev.js:64:5248)
    at async C:\dev\egdesk_won3\ExcelToDB\node_modules\next\dist\compiled\next-server\app-page-turbo.runtime.dev.js:64:1986
    at async handleAction (C:\dev\egdesk_won3\ExcelToDB\node_modules\next\dist\compiled\next-server\app-page-turbo.runtime.dev.js:62:25378)
    at async renderToHTMLOrFlightImpl (C:\dev\egdesk_won3\ExcelToDB\node_modules\next\dist\compiled\next-server\app-page-turbo.runtime.dev.js:69:55630)
    at async doRender (C:\dev\egdesk_won3\ExcelToDB\.next\dev\server\chunks\ssr\node_modules_0f3xbxx._.js:4005:28)
    at async AppPageRouteModule.handleResponse (C:\dev\egdesk_won3\ExcelToDB\node_modules\next\dist\compiled\next-server\app-page-turbo.runtime.dev.js:71:63567)
    at async handleResponse (C:\dev\egdesk_won3\ExcelToDB\.next\dev\server\chunks\ssr\node_modules_0f3xbxx._.js:4280:32)
    at async Module.handler (C:\dev\egdesk_won3\ExcelToDB\.next\dev\server\chunks\ssr\node_modules_0f3xbxx._.js:4683:20)
    at async DevServer.renderToResponseWithComponentsImpl (C:\dev\egdesk_won3\ExcelToDB\node_modules\next\dist\server\base-server.js:1454:9)
    at async DevServer.renderPageComponent (C:\dev\egdesk_won3\ExcelToDB\node_modules\next\dist\server\base-server.js:1506:24)
    at async DevServer.renderToResponseImpl (C:\dev\egdesk_won3\ExcelToDB\node_modules\next\dist\server\base-server.js:1556:32)
    at async DevServer.pipeImpl (C:\dev\egdesk_won3\ExcelToDB\node_modules\next\dist\server\base-server.js:1043:25)
    at async NextNodeServer.handleCatchallRenderRequest (C:\dev\egdesk_won3\ExcelToDB\node_modules\next\dist\server\next-server.js:338:17)
    at async DevServer.handleRequestImpl (C:\dev\egdesk_won3\ExcelToDB\node_modules\next\dist\server\base-server.js:934:17)
    at async C:\dev\egdesk_won3\ExcelToDB\node_modules\next\dist\server\dev\next-dev-server.js:394:20
    at async Span.traceAsyncFn (C:\dev\egdesk_won3\ExcelToDB\node_modules\next\dist\trace\trace.js:164:20)
    at async DevServer.handleRequest (C:\dev\egdesk_won3\ExcelToDB\node_modules\next\dist\server\dev\next-dev-server.js:390:24)
    at async invokeRender (C:\dev\egdesk_won3\ExcelToDB\node_modules\next\dist\server\lib\router-server.js:253:21)
    at async handleRequest (C:\dev\egdesk_won3\ExcelToDB\node_modules\next\dist\server\lib\router-server.js:452:24)
    at async requestHandlerImpl (C:\dev\egdesk_won3\ExcelToDB\node_modules\next\dist\server\lib\router-server.js:501:13)
    at async Server.requestListener (C:\dev\egdesk_won3\ExcelToDB\node_modules\next\dist\server\lib\start-server.js:225:13)

[2026-05-04T07:13:40.076Z] DEBUG: queryTable result for [chacho]: [{"id":5,"username":"chacho","email":null,"password":"f54ef0c906aad6974958fcdd1abc9a4b:d6355d99b1cba8169c253ae63b85822758cab916bfa0455a80b4968809a2941376138561a59e9c38d60c7aaa9678692228b6ca8e5702c35b300c11c3686f159f","role":"VIEWER","fullName":"차호석","employeeId":"S0001","departmentId":null,"position":null,"isActive":"1","metadata":null,"createdAt":"2026-04-13T02:20:38.534Z","__created_at":null,"__updated_at":null,"__creator_id":null,"__modifier_id":null,"__is_deleted":0,"__deleted_at":null}]
[2026-05-04T07:13:40.129Z] Login Error for [chacho]: 비밀번호가 일치하지 않습니다.
Stack: Error: 비밀번호가 일치하지 않습니다.
    at loginAction (C:\dev\egdesk_won3\ExcelToDB\.next\dev\server\chunks\ssr\[root-of-the-server]__12mgptg._.js:88:23)
    at process.processTicksAndRejections (node:internal/process/task_queues:103:5)
    at async executeActionAndPrepareForRender (C:\dev\egdesk_won3\ExcelToDB\node_modules\next\dist\compiled\next-server\app-page-turbo.runtime.dev.js:64:5248)
    at async C:\dev\egdesk_won3\ExcelToDB\node_modules\next\dist\compiled\next-server\app-page-turbo.runtime.dev.js:64:1986
    at async handleAction (C:\dev\egdesk_won3\ExcelToDB\node_modules\next\dist\compiled\next-server\app-page-turbo.runtime.dev.js:62:25378)
    at async renderToHTMLOrFlightImpl (C:\dev\egdesk_won3\ExcelToDB\node_modules\next\dist\compiled\next-server\app-page-turbo.runtime.dev.js:69:55630)
    at async doRender (C:\dev\egdesk_won3\ExcelToDB\.next\dev\server\chunks\ssr\node_modules_0f3xbxx._.js:4005:28)
    at async AppPageRouteModule.handleResponse (C:\dev\egdesk_won3\ExcelToDB\node_modules\next\dist\compiled\next-server\app-page-turbo.runtime.dev.js:71:63567)
    at async handleResponse (C:\dev\egdesk_won3\ExcelToDB\.next\dev\server\chunks\ssr\node_modules_0f3xbxx._.js:4280:32)
    at async Module.handler (C:\dev\egdesk_won3\ExcelToDB\.next\dev\server\chunks\ssr\node_modules_0f3xbxx._.js:4683:20)
    at async DevServer.renderToResponseWithComponentsImpl (C:\dev\egdesk_won3\ExcelToDB\node_modules\next\dist\server\base-server.js:1454:9)
    at async DevServer.renderPageComponent (C:\dev\egdesk_won3\ExcelToDB\node_modules\next\dist\server\base-server.js:1506:24)
    at async DevServer.renderToResponseImpl (C:\dev\egdesk_won3\ExcelToDB\node_modules\next\dist\server\base-server.js:1556:32)
    at async DevServer.pipeImpl (C:\dev\egdesk_won3\ExcelToDB\node_modules\next\dist\server\base-server.js:1043:25)
    at async NextNodeServer.handleCatchallRenderRequest (C:\dev\egdesk_won3\ExcelToDB\node_modules\next\dist\server\next-server.js:338:17)
    at async DevServer.handleRequestImpl (C:\dev\egdesk_won3\ExcelToDB\node_modules\next\dist\server\base-server.js:934:17)
    at async C:\dev\egdesk_won3\ExcelToDB\node_modules\next\dist\server\dev\next-dev-server.js:394:20
    at async Span.traceAsyncFn (C:\dev\egdesk_won3\ExcelToDB\node_modules\next\dist\trace\trace.js:164:20)
    at async DevServer.handleRequest (C:\dev\egdesk_won3\ExcelToDB\node_modules\next\dist\server\dev\next-dev-server.js:390:24)
    at async invokeRender (C:\dev\egdesk_won3\ExcelToDB\node_modules\next\dist\server\lib\router-server.js:253:21)
    at async handleRequest (C:\dev\egdesk_won3\ExcelToDB\node_modules\next\dist\server\lib\router-server.js:452:24)
    at async requestHandlerImpl (C:\dev\egdesk_won3\ExcelToDB\node_modules\next\dist\server\lib\router-server.js:501:13)
    at async Server.requestListener (C:\dev\egdesk_won3\ExcelToDB\node_modules\next\dist\server\lib\start-server.js:225:13)

[2026-05-04T07:13:46.253Z] DEBUG: queryTable result for [chacho]: [{"id":5,"username":"chacho","email":null,"password":"f54ef0c906aad6974958fcdd1abc9a4b:d6355d99b1cba8169c253ae63b85822758cab916bfa0455a80b4968809a2941376138561a59e9c38d60c7aaa9678692228b6ca8e5702c35b300c11c3686f159f","role":"VIEWER","fullName":"차호석","employeeId":"S0001","departmentId":null,"position":null,"isActive":"1","metadata":null,"createdAt":"2026-04-13T02:20:38.534Z","__created_at":null,"__updated_at":null,"__creator_id":null,"__modifier_id":null,"__is_deleted":0,"__deleted_at":null}]
[2026-05-04T07:25:47.764Z] DEBUG: queryTable result for [admin_user]: [{"id":1,"username":"admin_user","email":null,"password":"756cab3b15d1b24af3e77e4ef376460d:6b86e9b4269fdb0fe8b43c1d78893e70ee0c5c6e384d847290f4d75643bc98b43ff6490d8a1ca78a053e8ed191871190faad40b29e708d14f43ffb91f648b8b4","role":"ADMIN","fullName":"초기 관리자","employeeId":null,"departmentId":null,"position":null,"isActive":"1","metadata":null,"createdAt":"2026-04-13T00:40:52.293Z","__created_at":null,"__updated_at":null,"__creator_id":null,"__modifier_id":null,"__is_deleted":0,"__deleted_at":null}]
[2026-05-04T09:29:44.690Z] DEBUG: queryTable result for [staff1]: [{"id":4,"username":"staff1","email":null,"password":"d08262bb0f6405d441264998dbabe26a:3a13cb9aa6a7dd582c39ccf6f245c94310d14c911724fd446c75116d3fc90b3ee59e15fc8e20c9a94215abb49c01e510a839ee4cdb6ca209f37f90b558bb3900","role":"VIEWER","fullName":"홍길동","employeeId":null,"departmentId":null,"position":null,"isActive":"1","metadata":null,"createdAt":"2026-04-13T00:40:52.295Z","__created_at":null,"__updated_at":null,"__creator_id":null,"__modifier_id":null,"__is_deleted":0,"__deleted_at":null}]
[2026-05-04T09:29:44.736Z] Login Error for [staff1]: 비밀번호가 일치하지 않습니다.
Stack: Error: 비밀번호가 일치하지 않습니다.
    at loginAction (C:\dev\egdesk_won3\ExcelToDB\.next\dev\server\chunks\ssr\[root-of-the-server]__07s5c89._.js:196:23)
    at process.processTicksAndRejections (node:internal/process/task_queues:103:5)
    at async executeActionAndPrepareForRender (C:\dev\egdesk_won3\ExcelToDB\node_modules\next\dist\compiled\next-server\app-page-turbo.runtime.dev.js:64:5248)
    at async C:\dev\egdesk_won3\ExcelToDB\node_modules\next\dist\compiled\next-server\app-page-turbo.runtime.dev.js:64:1986
    at async handleAction (C:\dev\egdesk_won3\ExcelToDB\node_modules\next\dist\compiled\next-server\app-page-turbo.runtime.dev.js:62:25378)
    at async renderToHTMLOrFlightImpl (C:\dev\egdesk_won3\ExcelToDB\node_modules\next\dist\compiled\next-server\app-page-turbo.runtime.dev.js:69:55630)
    at async doRender (C:\dev\egdesk_won3\ExcelToDB\.next\dev\server\chunks\ssr\node_modules_0f3xbxx._.js:4005:28)
    at async AppPageRouteModule.handleResponse (C:\dev\egdesk_won3\ExcelToDB\node_modules\next\dist\compiled\next-server\app-page-turbo.runtime.dev.js:71:63567)
    at async handleResponse (C:\dev\egdesk_won3\ExcelToDB\.next\dev\server\chunks\ssr\node_modules_0f3xbxx._.js:4280:32)
    at async Module.handler (C:\dev\egdesk_won3\ExcelToDB\.next\dev\server\chunks\ssr\node_modules_0f3xbxx._.js:4683:20)
    at async DevServer.renderToResponseWithComponentsImpl (C:\dev\egdesk_won3\ExcelToDB\node_modules\next\dist\server\base-server.js:1454:9)
    at async DevServer.renderPageComponent (C:\dev\egdesk_won3\ExcelToDB\node_modules\next\dist\server\base-server.js:1506:24)
    at async DevServer.renderToResponseImpl (C:\dev\egdesk_won3\ExcelToDB\node_modules\next\dist\server\base-server.js:1556:32)
    at async DevServer.pipeImpl (C:\dev\egdesk_won3\ExcelToDB\node_modules\next\dist\server\base-server.js:1043:25)
    at async NextNodeServer.handleCatchallRenderRequest (C:\dev\egdesk_won3\ExcelToDB\node_modules\next\dist\server\next-server.js:338:17)
    at async DevServer.handleRequestImpl (C:\dev\egdesk_won3\ExcelToDB\node_modules\next\dist\server\base-server.js:934:17)
    at async C:\dev\egdesk_won3\ExcelToDB\node_modules\next\dist\server\dev\next-dev-server.js:394:20
    at async Span.traceAsyncFn (C:\dev\egdesk_won3\ExcelToDB\node_modules\next\dist\trace\trace.js:164:20)
    at async DevServer.handleRequest (C:\dev\egdesk_won3\ExcelToDB\node_modules\next\dist\server\dev\next-dev-server.js:390:24)
    at async invokeRender (C:\dev\egdesk_won3\ExcelToDB\node_modules\next\dist\server\lib\router-server.js:253:21)
    at async handleRequest (C:\dev\egdesk_won3\ExcelToDB\node_modules\next\dist\server\lib\router-server.js:452:24)
    at async requestHandlerImpl (C:\dev\egdesk_won3\ExcelToDB\node_modules\next\dist\server\lib\router-server.js:501:13)
    at async Server.requestListener (C:\dev\egdesk_won3\ExcelToDB\node_modules\next\dist\server\lib\start-server.js:225:13)

[2026-05-04T09:30:11.982Z] DEBUG: queryTable result for [CHACHO]: []
[2026-05-04T09:30:11.983Z] Login Error for [CHACHO]: 존재하지 않거나 비활성화된 계정입니다. (복구된 admin 계정으로 로그인해 주세요)
Stack: Error: 존재하지 않거나 비활성화된 계정입니다. (복구된 admin 계정으로 로그인해 주세요)
    at loginAction (C:\dev\egdesk_won3\ExcelToDB\.next\dev\server\chunks\ssr\[root-of-the-server]__07s5c89._.js:188:19)
    at process.processTicksAndRejections (node:internal/process/task_queues:103:5)
    at async executeActionAndPrepareForRender (C:\dev\egdesk_won3\ExcelToDB\node_modules\next\dist\compiled\next-server\app-page-turbo.runtime.dev.js:64:5248)
    at async C:\dev\egdesk_won3\ExcelToDB\node_modules\next\dist\compiled\next-server\app-page-turbo.runtime.dev.js:64:1986
    at async handleAction (C:\dev\egdesk_won3\ExcelToDB\node_modules\next\dist\compiled\next-server\app-page-turbo.runtime.dev.js:62:25378)
    at async renderToHTMLOrFlightImpl (C:\dev\egdesk_won3\ExcelToDB\node_modules\next\dist\compiled\next-server\app-page-turbo.runtime.dev.js:69:55630)
    at async doRender (C:\dev\egdesk_won3\ExcelToDB\.next\dev\server\chunks\ssr\node_modules_0f3xbxx._.js:4005:28)
    at async AppPageRouteModule.handleResponse (C:\dev\egdesk_won3\ExcelToDB\node_modules\next\dist\compiled\next-server\app-page-turbo.runtime.dev.js:71:63567)
    at async handleResponse (C:\dev\egdesk_won3\ExcelToDB\.next\dev\server\chunks\ssr\node_modules_0f3xbxx._.js:4280:32)
    at async Module.handler (C:\dev\egdesk_won3\ExcelToDB\.next\dev\server\chunks\ssr\node_modules_0f3xbxx._.js:4683:20)
    at async DevServer.renderToResponseWithComponentsImpl (C:\dev\egdesk_won3\ExcelToDB\node_modules\next\dist\server\base-server.js:1454:9)
    at async DevServer.renderPageComponent (C:\dev\egdesk_won3\ExcelToDB\node_modules\next\dist\server\base-server.js:1506:24)
    at async DevServer.renderToResponseImpl (C:\dev\egdesk_won3\ExcelToDB\node_modules\next\dist\server\base-server.js:1556:32)
    at async DevServer.pipeImpl (C:\dev\egdesk_won3\ExcelToDB\node_modules\next\dist\server\base-server.js:1043:25)
    at async NextNodeServer.handleCatchallRenderRequest (C:\dev\egdesk_won3\ExcelToDB\node_modules\next\dist\server\next-server.js:338:17)
    at async DevServer.handleRequestImpl (C:\dev\egdesk_won3\ExcelToDB\node_modules\next\dist\server\base-server.js:934:17)
    at async C:\dev\egdesk_won3\ExcelToDB\node_modules\next\dist\server\dev\next-dev-server.js:394:20
    at async Span.traceAsyncFn (C:\dev\egdesk_won3\ExcelToDB\node_modules\next\dist\trace\trace.js:164:20)
    at async DevServer.handleRequest (C:\dev\egdesk_won3\ExcelToDB\node_modules\next\dist\server\dev\next-dev-server.js:390:24)
    at async invokeRender (C:\dev\egdesk_won3\ExcelToDB\node_modules\next\dist\server\lib\router-server.js:253:21)
    at async handleRequest (C:\dev\egdesk_won3\ExcelToDB\node_modules\next\dist\server\lib\router-server.js:452:24)
    at async requestHandlerImpl (C:\dev\egdesk_won3\ExcelToDB\node_modules\next\dist\server\lib\router-server.js:501:13)
    at async Server.requestListener (C:\dev\egdesk_won3\ExcelToDB\node_modules\next\dist\server\lib\start-server.js:225:13)

[2026-05-04T09:30:20.487Z] DEBUG: queryTable result for [chacho]: [{"id":5,"username":"chacho","email":null,"password":"f54ef0c906aad6974958fcdd1abc9a4b:d6355d99b1cba8169c253ae63b85822758cab916bfa0455a80b4968809a2941376138561a59e9c38d60c7aaa9678692228b6ca8e5702c35b300c11c3686f159f","role":"VIEWER","fullName":"차호석","employeeId":"S0001","departmentId":null,"position":null,"isActive":"1","metadata":null,"createdAt":"2026-04-13T02:20:38.534Z","__created_at":null,"__updated_at":null,"__creator_id":null,"__modifier_id":null,"__is_deleted":0,"__deleted_at":null}]
